{
  "RSpec": {
    "coverage": {
      "/home/cubsfan46350-76211/code/labs/tic-tac-toe-rb-cb-000/lib/tic_tac_toe.rb": [
        1,
        null,
        null,
        null,
        null,
        null,
        null,
        null,
        null,
        null,
        null,
        1,
        24,
        24,
        24,
        24,
        24,
        null,
        null,
        1,
        23,
        null,
        null,
        1,
        22,
        null,
        null,
        1,
        25,
        null,
        null,
        1,
        23,
        null,
        null,
        1,
        20,
        20,
        20,
        20,
        19,
        19,
        null,
        1,
        null,
        null,
        null,
        1,
        21,
        21,
        189,
        31,
        null,
        null,
        21,
        null,
        null,
        1,
        20,
        20,
        6,
        null,
        20,
        null,
        null,
        1,
        57,
        369,
        null,
        null,
        null,
        1,
        187,
        null,
        null,
        1,
        20,
        4,
        null,
        16,
        null,
        null,
        null,
        1,
        21,
        10,
        null,
        11,
        null,
        null,
        null,
        1,
        7,
        7,
        6,
        null,
        null,
        null,
        1,
        12,
        17,
        null,
        12,
        5,
        7,
        3,
        null,
        null
      ]
    },
    "timestamp": 1502470608
  }
}
